mode: set
blog-api/test_config.go:22.34,29.2 1 0
blog-api/test_config.go:32.63,37.16 4 0
blog-api/test_config.go:37.16,39.3 1 0
blog-api/test_config.go:42.2,43.16 2 0
blog-api/test_config.go:43.16,45.3 1 0
blog-api/test_config.go:47.2,48.20 2 0
blog-api/test_config.go:52.71,57.16 4 0
blog-api/test_config.go:57.16,59.3 1 0
blog-api/test_config.go:61.2,62.12 2 0
blog-api/test_config.go:66.68,72.16 5 0
blog-api/test_config.go:72.16,74.3 1 0
blog-api/test_config.go:76.2,77.12 2 0
blog-api/test_config.go:81.84,83.2 1 0
blog-api/test_config.go:86.55,87.42 1 0
blog-api/test_config.go:87.42,89.3 1 0
blog-api/test_config.go:90.2,90.21 1 0
blog-api/test_config.go:94.46,96.16 2 0
blog-api/test_config.go:96.16,98.3 1 0
blog-api/test_config.go:99.2,100.13 2 0
blog-api/test_helpers.go:13.52,29.2 1 0
blog-api/test_helpers.go:32.64,34.29 2 0
blog-api/test_helpers.go:34.29,50.3 1 0
blog-api/test_helpers.go:51.2,51.14 1 0
blog-api/test_helpers.go:55.58,65.2 1 0
blog-api/test_helpers.go:68.70,70.29 2 0
blog-api/test_helpers.go:70.29,80.3 1 0
blog-api/test_helpers.go:81.2,81.17 1 0
blog-api/test_helpers.go:85.52,97.2 1 0
blog-api/test_helpers.go:100.34,102.2 1 0
blog-api/Delivery/main.go:19.13,24.38 2 0
blog-api/Delivery/main.go:24.38,26.3 1 0
blog-api/Delivery/main.go:29.2,29.43 1 0
blog-api/Delivery/main.go:29.43,31.3 1 0
blog-api/Delivery/main.go:32.2,45.21 9 0
blog-api/Delivery/main.go:45.21,47.3 1 0
blog-api/Delivery/main.go:49.2,67.29 9 0
blog-api/Delivery/main.go:67.29,72.36 4 0
blog-api/Delivery/main.go:72.36,75.4 2 0
blog-api/Delivery/main.go:77.3,77.11 1 0
blog-api/Delivery/main.go:81.2,81.40 1 0
blog-api/Delivery/main.go:81.40,86.3 1 0
blog-api/Delivery/main.go:89.2,89.34 1 0
blog-api/Delivery/main.go:89.34,94.3 1 0
blog-api/Delivery/main.go:97.2,101.16 3 0
blog-api/Delivery/main.go:101.16,103.3 1 0
blog-api/Delivery/main.go:106.2,106.46 1 0
blog-api/Delivery/main.go:106.46,108.3 1 0
blog-api/Delivery/main.go:110.2,111.42 2 0
blog-api/Delivery/main.go:111.42,113.3 1 0
blog-api/Delivery/routers/router.go:12.138,34.2 13 0
blog-api/Delivery/routers/router.go:34.2,37.3 2 0
blog-api/Delivery/routers/router.go:37.3,47.4 9 0
blog-api/Delivery/routers/router.go:50.3,51.3 2 0
blog-api/Delivery/routers/router.go:51.3,54.4 2 0
blog-api/Delivery/routers/router.go:57.3,58.3 2 0
blog-api/Delivery/routers/router.go:58.3,60.4 1 0
blog-api/Delivery/routers/router.go:63.3,64.3 2 0
blog-api/Delivery/routers/router.go:64.3,66.4 1 0
blog-api/Infrastructure/database/mongo.go:19.22,21.20 2 0
blog-api/Infrastructure/database/mongo.go:21.20,23.3 1 0
blog-api/Infrastructure/database/mongo.go:25.2,34.16 8 0
blog-api/Infrastructure/database/mongo.go:34.16,36.3 1 0
blog-api/Infrastructure/database/mongo.go:39.2,40.16 2 0
blog-api/Infrastructure/database/mongo.go:40.16,47.3 6 0
blog-api/Infrastructure/database/mongo.go:50.2,52.12 3 0
blog-api/Infrastructure/database/mongo.go:56.25,57.19 1 0
blog-api/Infrastructure/database/mongo.go:57.19,61.3 3 0
blog-api/Infrastructure/database/mongo.go:62.2,62.12 1 0
blog-api/Infrastructure/database/mongo.go:66.61,68.2 1 0
blog-api/Infrastructure/database/mongo.go:71.32,73.2 1 0
blog-api/Infrastructure/database/mongo.go:76.36,78.2 1 0
blog-api/Infrastructure/db_models/token_db_model.go:18.50,28.2 1 0
blog-api/Infrastructure/db_models/token_db_model.go:30.48,40.2 1 0
blog-api/Infrastructure/db_models/user_db_model.go:22.48,24.16 2 0
blog-api/Infrastructure/db_models/user_db_model.go:24.16,25.61 1 0
blog-api/Infrastructure/db_models/user_db_model.go:25.61,27.4 1 0
blog-api/Infrastructure/db_models/user_db_model.go:30.2,37.3 1 0
blog-api/Infrastructure/db_models/user_db_model.go:41.46,50.2 1 0
blog-api/Delivery/middlewares/auth_middleware.go:11.99,12.30 1 0
blog-api/Delivery/middlewares/auth_middleware.go:12.30,14.23 2 0
blog-api/Delivery/middlewares/auth_middleware.go:14.23,18.4 3 0
blog-api/Delivery/middlewares/auth_middleware.go:20.3,21.46 2 0
blog-api/Delivery/middlewares/auth_middleware.go:21.46,25.4 3 0
blog-api/Delivery/middlewares/auth_middleware.go:27.3,29.17 3 0
blog-api/Delivery/middlewares/auth_middleware.go:29.17,33.4 3 0
blog-api/Delivery/middlewares/auth_middleware.go:36.3,36.28 1 0
blog-api/Delivery/middlewares/auth_middleware.go:36.28,38.35 2 0
blog-api/Delivery/middlewares/auth_middleware.go:38.35,39.25 1 0
blog-api/Delivery/middlewares/auth_middleware.go:39.25,41.11 2 0
blog-api/Delivery/middlewares/auth_middleware.go:44.4,44.16 1 0
blog-api/Delivery/middlewares/auth_middleware.go:44.16,48.5 3 0
blog-api/Delivery/middlewares/auth_middleware.go:52.3,56.11 4 0
blog-api/Delivery/controllers/blog_controller.go:17.69,19.2 1 1
blog-api/Delivery/controllers/blog_controller.go:21.56,23.47 2 1
blog-api/Delivery/controllers/blog_controller.go:23.47,26.3 2 1
blog-api/Delivery/controllers/blog_controller.go:28.2,29.13 2 1
blog-api/Delivery/controllers/blog_controller.go:29.13,32.3 2 1
blog-api/Delivery/controllers/blog_controller.go:34.2,35.13 2 1
blog-api/Delivery/controllers/blog_controller.go:35.13,38.3 2 0
blog-api/Delivery/controllers/blog_controller.go:40.2,54.16 3 1
blog-api/Delivery/controllers/blog_controller.go:54.16,57.3 2 1
blog-api/Delivery/controllers/blog_controller.go:59.2,60.38 2 1
blog-api/Delivery/controllers/blog_controller.go:64.63,69.28 4 1
blog-api/Delivery/controllers/blog_controller.go:69.28,71.3 1 0
blog-api/Delivery/controllers/blog_controller.go:73.2,74.44 2 1
blog-api/Delivery/controllers/blog_controller.go:74.44,76.3 1 0
blog-api/Delivery/controllers/blog_controller.go:78.2,79.16 2 1
blog-api/Delivery/controllers/blog_controller.go:79.16,82.3 2 1
blog-api/Delivery/controllers/blog_controller.go:84.2,85.29 2 1
blog-api/Delivery/controllers/blog_controller.go:85.29,87.3 1 1
blog-api/Delivery/controllers/blog_controller.go:89.2,97.33 2 1
blog-api/Delivery/controllers/blog_controller.go:100.57,102.18 2 1
blog-api/Delivery/controllers/blog_controller.go:102.18,105.3 2 0
blog-api/Delivery/controllers/blog_controller.go:107.2,108.16 2 1
blog-api/Delivery/controllers/blog_controller.go:108.16,111.3 2 1
blog-api/Delivery/controllers/blog_controller.go:114.2,114.12 1 1
blog-api/Delivery/controllers/blog_controller.go:114.12,116.3 1 1
blog-api/Delivery/controllers/blog_controller.go:118.2,119.33 2 1
blog-api/Delivery/controllers/blog_controller.go:123.56,125.18 2 1
blog-api/Delivery/controllers/blog_controller.go:125.18,128.3 2 0
blog-api/Delivery/controllers/blog_controller.go:130.2,131.47 2 1
blog-api/Delivery/controllers/blog_controller.go:131.47,134.3 2 0
blog-api/Delivery/controllers/blog_controller.go:137.2,138.16 2 1
blog-api/Delivery/controllers/blog_controller.go:138.16,141.3 2 0
blog-api/Delivery/controllers/blog_controller.go:144.2,145.57 2 1
blog-api/Delivery/controllers/blog_controller.go:145.57,148.3 2 1
blog-api/Delivery/controllers/blog_controller.go:151.2,151.21 1 1
blog-api/Delivery/controllers/blog_controller.go:151.21,153.3 1 1
blog-api/Delivery/controllers/blog_controller.go:154.2,154.23 1 1
blog-api/Delivery/controllers/blog_controller.go:154.23,156.3 1 1
blog-api/Delivery/controllers/blog_controller.go:157.2,157.21 1 1
blog-api/Delivery/controllers/blog_controller.go:157.21,159.3 1 1
blog-api/Delivery/controllers/blog_controller.go:160.2,160.28 1 1
blog-api/Delivery/controllers/blog_controller.go:160.28,162.3 1 1
blog-api/Delivery/controllers/blog_controller.go:164.2,165.16 2 1
blog-api/Delivery/controllers/blog_controller.go:165.16,168.3 2 0
blog-api/Delivery/controllers/blog_controller.go:170.2,171.33 2 1
blog-api/Delivery/controllers/blog_controller.go:175.56,177.18 2 1
blog-api/Delivery/controllers/blog_controller.go:177.18,180.3 2 0
blog-api/Delivery/controllers/blog_controller.go:183.2,184.16 2 1
blog-api/Delivery/controllers/blog_controller.go:184.16,187.3 2 0
blog-api/Delivery/controllers/blog_controller.go:190.2,191.57 2 1
blog-api/Delivery/controllers/blog_controller.go:191.57,194.3 2 1
blog-api/Delivery/controllers/blog_controller.go:196.2,197.16 2 1
blog-api/Delivery/controllers/blog_controller.go:197.16,200.3 2 0
blog-api/Delivery/controllers/blog_controller.go:202.2,202.70 1 1
blog-api/Delivery/controllers/blog_controller.go:206.57,208.17 2 1
blog-api/Delivery/controllers/blog_controller.go:208.17,211.3 2 1
blog-api/Delivery/controllers/blog_controller.go:213.2,214.16 2 1
blog-api/Delivery/controllers/blog_controller.go:214.16,217.3 2 0
blog-api/Delivery/controllers/blog_controller.go:219.2,220.29 2 1
blog-api/Delivery/controllers/blog_controller.go:220.29,222.3 1 1
blog-api/Delivery/controllers/blog_controller.go:224.2,224.70 1 1
blog-api/Delivery/controllers/blog_controller.go:228.57,234.25 5 1
blog-api/Delivery/controllers/blog_controller.go:234.25,237.3 2 1
blog-api/Delivery/controllers/blog_controller.go:239.2,240.16 2 1
blog-api/Delivery/controllers/blog_controller.go:240.16,243.3 2 0
blog-api/Delivery/controllers/blog_controller.go:245.2,246.29 2 1
blog-api/Delivery/controllers/blog_controller.go:246.29,248.3 1 1
blog-api/Delivery/controllers/blog_controller.go:250.2,250.54 1 1
blog-api/Delivery/controllers/blog_controller.go:254.64,256.18 2 1
blog-api/Delivery/controllers/blog_controller.go:256.18,259.3 2 0
blog-api/Delivery/controllers/blog_controller.go:261.2,262.16 2 1
blog-api/Delivery/controllers/blog_controller.go:262.16,265.3 2 0
blog-api/Delivery/controllers/blog_controller.go:267.2,267.67 1 1
blog-api/Delivery/controllers/blog_controller.go:271.54,273.18 2 1
blog-api/Delivery/controllers/blog_controller.go:273.18,276.3 2 0
blog-api/Delivery/controllers/blog_controller.go:278.2,279.16 2 1
blog-api/Delivery/controllers/blog_controller.go:279.16,282.3 2 0
blog-api/Delivery/controllers/blog_controller.go:284.2,284.68 1 1
blog-api/Delivery/controllers/blog_controller.go:288.56,290.18 2 1
blog-api/Delivery/controllers/blog_controller.go:290.18,293.3 2 0
blog-api/Delivery/controllers/blog_controller.go:295.2,296.16 2 1
blog-api/Delivery/controllers/blog_controller.go:296.16,299.3 2 0
blog-api/Delivery/controllers/blog_controller.go:301.2,301.70 1 1
blog-api/Delivery/controllers/blog_controller.go:305.57,307.18 2 1
blog-api/Delivery/controllers/blog_controller.go:307.18,310.3 2 0
blog-api/Delivery/controllers/blog_controller.go:312.2,313.16 2 1
blog-api/Delivery/controllers/blog_controller.go:313.16,316.3 2 0
blog-api/Delivery/controllers/blog_controller.go:318.2,318.71 1 1
blog-api/Delivery/controllers/blog_controller.go:322.59,324.18 2 1
blog-api/Delivery/controllers/blog_controller.go:324.18,327.3 2 0
blog-api/Delivery/controllers/blog_controller.go:329.2,330.16 2 1
blog-api/Delivery/controllers/blog_controller.go:330.16,333.3 2 0
blog-api/Delivery/controllers/blog_controller.go:335.2,335.78 1 1
blog-api/Delivery/controllers/blog_controller.go:339.56,341.18 2 1
blog-api/Delivery/controllers/blog_controller.go:341.18,344.3 2 0
blog-api/Delivery/controllers/blog_controller.go:346.2,347.47 2 1
blog-api/Delivery/controllers/blog_controller.go:347.47,350.3 2 0
blog-api/Delivery/controllers/blog_controller.go:353.2,354.13 2 1
blog-api/Delivery/controllers/blog_controller.go:354.13,357.3 2 0
blog-api/Delivery/controllers/blog_controller.go:359.2,360.13 2 1
blog-api/Delivery/controllers/blog_controller.go:360.13,363.3 2 0
blog-api/Delivery/controllers/blog_controller.go:365.2,373.16 3 1
blog-api/Delivery/controllers/blog_controller.go:373.16,376.3 2 0
blog-api/Delivery/controllers/blog_controller.go:378.2,379.38 2 1
blog-api/Delivery/controllers/blog_controller.go:383.57,385.18 2 1
blog-api/Delivery/controllers/blog_controller.go:385.18,388.3 2 0
blog-api/Delivery/controllers/blog_controller.go:390.2,391.16 2 1
blog-api/Delivery/controllers/blog_controller.go:391.16,394.3 2 0
blog-api/Delivery/controllers/blog_controller.go:396.2,397.35 2 1
blog-api/Delivery/controllers/blog_controller.go:397.35,399.3 1 1
blog-api/Delivery/controllers/blog_controller.go:401.2,401.60 1 1
blog-api/Delivery/controllers/blog_controller.go:405.75,407.40 2 1
blog-api/Delivery/controllers/blog_controller.go:407.40,409.3 1 0
blog-api/Delivery/controllers/blog_controller.go:411.2,425.3 1 1
blog-api/Delivery/controllers/blog_controller.go:428.87,438.2 1 1
blog-api/Delivery/controllers/profile_user_controller.go:14.58,16.2 1 0
blog-api/Delivery/controllers/profile_user_controller.go:19.40,21.13 2 0
blog-api/Delivery/controllers/profile_user_controller.go:21.13,24.3 2 0
blog-api/Delivery/controllers/profile_user_controller.go:26.2,27.9 2 0
blog-api/Delivery/controllers/profile_user_controller.go:27.9,30.3 2 0
blog-api/Delivery/controllers/profile_user_controller.go:32.2,33.49 2 0
blog-api/Delivery/controllers/profile_user_controller.go:33.49,36.3 2 0
blog-api/Delivery/controllers/profile_user_controller.go:38.2,39.16 2 0
blog-api/Delivery/controllers/profile_user_controller.go:39.16,42.3 2 0
blog-api/Delivery/controllers/profile_user_controller.go:44.2,44.77 1 0
blog-api/Delivery/controllers/profile_user_controller.go:48.37,50.13 2 0
blog-api/Delivery/controllers/profile_user_controller.go:50.13,53.3 2 0
blog-api/Delivery/controllers/profile_user_controller.go:55.2,56.9 2 0
blog-api/Delivery/controllers/profile_user_controller.go:56.9,59.3 2 0
blog-api/Delivery/controllers/profile_user_controller.go:61.2,62.16 2 0
blog-api/Delivery/controllers/profile_user_controller.go:62.16,65.3 2 0
blog-api/Delivery/controllers/profile_user_controller.go:67.2,67.74 1 0
blog-api/Delivery/controllers/user_controller.go:15.78,17.2 1 0
blog-api/Delivery/controllers/user_controller.go:20.54,22.47 2 0
blog-api/Delivery/controllers/user_controller.go:22.47,25.3 2 0
blog-api/Delivery/controllers/user_controller.go:27.2,33.51 2 0
blog-api/Delivery/controllers/user_controller.go:33.51,36.3 2 0
blog-api/Delivery/controllers/user_controller.go:37.2,37.78 1 0
blog-api/Delivery/controllers/user_controller.go:41.51,43.51 2 0
blog-api/Delivery/controllers/user_controller.go:43.51,46.3 2 0
blog-api/Delivery/controllers/user_controller.go:47.2,52.16 3 0
blog-api/Delivery/controllers/user_controller.go:52.16,55.3 2 0
blog-api/Delivery/controllers/user_controller.go:56.2,56.31 1 0
blog-api/Delivery/controllers/user_controller.go:60.58,64.48 2 0
blog-api/Delivery/controllers/user_controller.go:64.48,67.3 2 0
blog-api/Delivery/controllers/user_controller.go:68.2,69.16 2 0
blog-api/Delivery/controllers/user_controller.go:69.16,72.3 2 0
blog-api/Delivery/controllers/user_controller.go:73.2,73.56 1 0
blog-api/Delivery/controllers/user_controller.go:77.53,79.51 2 0
blog-api/Delivery/controllers/user_controller.go:79.51,82.3 2 0
blog-api/Delivery/controllers/user_controller.go:83.2,83.71 1 0
blog-api/Delivery/controllers/user_controller.go:87.52,89.50 2 0
blog-api/Delivery/controllers/user_controller.go:89.50,92.3 2 0
blog-api/Delivery/controllers/user_controller.go:93.2,93.70 1 0
blog-api/mocks/blog_repository_mock.go:13.80,16.2 2 0
blog-api/mocks/blog_repository_mock.go:18.88,20.24 2 0
blog-api/mocks/blog_repository_mock.go:20.24,22.3 1 0
blog-api/mocks/blog_repository_mock.go:23.2,23.51 1 0
blog-api/mocks/blog_repository_mock.go:26.78,29.2 2 0
blog-api/mocks/blog_repository_mock.go:31.80,34.2 2 0
blog-api/mocks/blog_repository_mock.go:36.62,39.2 2 0
blog-api/mocks/blog_repository_mock.go:41.79,43.24 2 0
blog-api/mocks/blog_repository_mock.go:43.24,45.3 1 0
blog-api/mocks/blog_repository_mock.go:46.2,46.51 1 0
blog-api/mocks/blog_repository_mock.go:49.116,51.24 2 0
blog-api/mocks/blog_repository_mock.go:51.24,53.3 1 0
blog-api/mocks/blog_repository_mock.go:54.2,54.51 1 0
blog-api/mocks/blog_repository_mock.go:57.70,60.2 2 0
blog-api/mocks/blog_repository_mock.go:62.79,65.2 2 0
blog-api/mocks/blog_repository_mock.go:67.82,70.2 2 0
blog-api/mocks/blog_repository_mock.go:72.104,75.2 2 0
blog-api/mocks/blog_repository_mock.go:77.83,79.24 2 0
blog-api/mocks/blog_repository_mock.go:79.24,81.3 1 0
blog-api/mocks/blog_repository_mock.go:82.2,82.54 1 0
blog-api/mocks/blog_usecase_mock.go:13.77,16.2 2 1
blog-api/mocks/blog_usecase_mock.go:18.85,20.24 2 1
blog-api/mocks/blog_usecase_mock.go:20.24,22.3 1 1
blog-api/mocks/blog_usecase_mock.go:23.2,23.51 1 1
blog-api/mocks/blog_usecase_mock.go:26.75,29.2 2 1
blog-api/mocks/blog_usecase_mock.go:31.77,34.2 2 1
blog-api/mocks/blog_usecase_mock.go:36.59,39.2 2 1
blog-api/mocks/blog_usecase_mock.go:41.76,43.24 2 1
blog-api/mocks/blog_usecase_mock.go:43.24,45.3 1 0
blog-api/mocks/blog_usecase_mock.go:46.2,46.51 1 1
blog-api/mocks/blog_usecase_mock.go:49.113,51.24 2 1
blog-api/mocks/blog_usecase_mock.go:51.24,53.3 1 0
blog-api/mocks/blog_usecase_mock.go:54.2,54.51 1 1
blog-api/mocks/blog_usecase_mock.go:57.67,60.2 2 1
blog-api/mocks/blog_usecase_mock.go:62.76,65.2 2 1
blog-api/mocks/blog_usecase_mock.go:67.79,70.2 2 1
blog-api/mocks/blog_usecase_mock.go:72.101,75.2 2 1
blog-api/mocks/blog_usecase_mock.go:77.80,79.24 2 1
blog-api/mocks/blog_usecase_mock.go:79.24,81.3 1 0
blog-api/mocks/blog_usecase_mock.go:82.2,82.54 1 1
blog-api/mocks/jwt_repository_mock.go:13.70,16.2 2 0
blog-api/mocks/jwt_repository_mock.go:18.65,21.2 2 0
blog-api/mocks/jwt_repository_mock.go:23.65,26.2 2 0
blog-api/mocks/jwt_repository_mock.go:28.79,31.2 2 0
blog-api/mocks/jwt_service_mock.go:13.92,16.2 2 0
blog-api/mocks/jwt_service_mock.go:18.100,21.2 2 0
blog-api/mocks/jwt_service_mock.go:23.97,26.2 2 0
blog-api/mocks/jwt_service_mock.go:28.99,31.2 2 0
blog-api/mocks/password_hasher_mock.go:9.68,12.2 2 0
blog-api/mocks/password_hasher_mock.go:14.67,17.2 2 0
blog-api/mocks/user_repository_mock.go:13.58,16.2 2 0
blog-api/mocks/user_repository_mock.go:18.74,22.2 3 0
blog-api/mocks/user_repository_mock.go:24.71,27.2 2 0
blog-api/mocks/user_repository_mock.go:29.63,32.2 2 0
blog-api/mocks/user_repository_mock.go:34.53,37.2 2 0
blog-api/mocks/user_repository_mock.go:39.53,42.2 2 0
blog-api/mocks/user_repository_mock.go:44.54,48.2 3 0
blog-api/Infrastructure/utils/env_loader.go:11.16,13.51 1 0
blog-api/Infrastructure/utils/env_loader.go:13.51,16.3 2 0
blog-api/Infrastructure/utils/env_loader.go:19.2,20.16 2 0
blog-api/Infrastructure/utils/env_loader.go:20.16,23.3 2 0
blog-api/Infrastructure/utils/env_loader.go:24.2,28.21 3 0
blog-api/Infrastructure/utils/env_loader.go:28.21,32.49 2 0
blog-api/Infrastructure/utils/env_loader.go:32.49,33.12 1 0
blog-api/Infrastructure/utils/env_loader.go:37.3,38.22 2 0
blog-api/Infrastructure/utils/env_loader.go:38.22,39.12 1 0
blog-api/Infrastructure/utils/env_loader.go:42.3,46.73 3 0
blog-api/Infrastructure/utils/env_loader.go:46.73,48.4 1 0
blog-api/Infrastructure/utils/env_loader.go:51.3,51.27 1 0
blog-api/Infrastructure/utils/env_loader.go:51.27,53.4 1 0
blog-api/Infrastructure/utils/env_loader.go:56.2,56.38 1 0
blog-api/Infrastructure/utils/env_loader.go:56.38,58.3 1 0
blog-api/Infrastructure/utils/env_loader.go:60.2,60.60 1 0
blog-api/Infrastructure/utils/profile_response.go:10.68,16.2 1 0
blog-api/Infrastructure/utils/profile_response.go:19.58,24.2 1 0
blog-api/mocks/blog_repository_mock.go:13.80,16.2 2 0
blog-api/mocks/blog_repository_mock.go:18.88,20.24 2 0
blog-api/mocks/blog_repository_mock.go:20.24,22.3 1 0
blog-api/mocks/blog_repository_mock.go:23.2,23.51 1 0
blog-api/mocks/blog_repository_mock.go:26.78,29.2 2 0
blog-api/mocks/blog_repository_mock.go:31.80,34.2 2 0
blog-api/mocks/blog_repository_mock.go:36.62,39.2 2 0
blog-api/mocks/blog_repository_mock.go:41.79,43.24 2 0
blog-api/mocks/blog_repository_mock.go:43.24,45.3 1 0
blog-api/mocks/blog_repository_mock.go:46.2,46.51 1 0
blog-api/mocks/blog_repository_mock.go:49.116,51.24 2 0
blog-api/mocks/blog_repository_mock.go:51.24,53.3 1 0
blog-api/mocks/blog_repository_mock.go:54.2,54.51 1 0
blog-api/mocks/blog_repository_mock.go:57.70,60.2 2 0
blog-api/mocks/blog_repository_mock.go:62.79,65.2 2 0
blog-api/mocks/blog_repository_mock.go:67.82,70.2 2 0
blog-api/mocks/blog_repository_mock.go:72.104,75.2 2 0
blog-api/mocks/blog_repository_mock.go:77.83,79.24 2 0
blog-api/mocks/blog_repository_mock.go:79.24,81.3 1 0
blog-api/mocks/blog_repository_mock.go:82.2,82.54 1 0
blog-api/mocks/blog_usecase_mock.go:13.77,16.2 2 0
blog-api/mocks/blog_usecase_mock.go:18.85,20.24 2 0
blog-api/mocks/blog_usecase_mock.go:20.24,22.3 1 0
blog-api/mocks/blog_usecase_mock.go:23.2,23.51 1 0
blog-api/mocks/blog_usecase_mock.go:26.75,29.2 2 0
blog-api/mocks/blog_usecase_mock.go:31.77,34.2 2 0
blog-api/mocks/blog_usecase_mock.go:36.59,39.2 2 0
blog-api/mocks/blog_usecase_mock.go:41.76,43.24 2 0
blog-api/mocks/blog_usecase_mock.go:43.24,45.3 1 0
blog-api/mocks/blog_usecase_mock.go:46.2,46.51 1 0
blog-api/mocks/blog_usecase_mock.go:49.113,51.24 2 0
blog-api/mocks/blog_usecase_mock.go:51.24,53.3 1 0
blog-api/mocks/blog_usecase_mock.go:54.2,54.51 1 0
blog-api/mocks/blog_usecase_mock.go:57.67,60.2 2 0
blog-api/mocks/blog_usecase_mock.go:62.76,65.2 2 0
blog-api/mocks/blog_usecase_mock.go:67.79,70.2 2 0
blog-api/mocks/blog_usecase_mock.go:72.101,75.2 2 0
blog-api/mocks/blog_usecase_mock.go:77.80,79.24 2 0
blog-api/mocks/blog_usecase_mock.go:79.24,81.3 1 0
blog-api/mocks/blog_usecase_mock.go:82.2,82.54 1 0
blog-api/mocks/jwt_repository_mock.go:13.70,16.2 2 0
blog-api/mocks/jwt_repository_mock.go:18.65,21.2 2 0
blog-api/mocks/jwt_repository_mock.go:23.65,26.2 2 0
blog-api/mocks/jwt_repository_mock.go:28.79,31.2 2 0
blog-api/mocks/jwt_service_mock.go:13.92,16.2 2 0
blog-api/mocks/jwt_service_mock.go:18.100,21.2 2 0
blog-api/mocks/jwt_service_mock.go:23.97,26.2 2 0
blog-api/mocks/jwt_service_mock.go:28.99,31.2 2 0
blog-api/mocks/password_hasher_mock.go:9.68,12.2 2 0
blog-api/mocks/password_hasher_mock.go:14.67,17.2 2 0
blog-api/mocks/user_repository_mock.go:13.58,16.2 2 0
blog-api/mocks/user_repository_mock.go:18.74,22.2 3 0
blog-api/mocks/user_repository_mock.go:24.71,27.2 2 0
blog-api/mocks/user_repository_mock.go:29.63,32.2 2 0
blog-api/mocks/user_repository_mock.go:34.53,37.2 2 0
blog-api/mocks/user_repository_mock.go:39.53,42.2 2 0
blog-api/mocks/user_repository_mock.go:44.54,48.2 3 0
blog-api/Infrastructure/database/mongo.go:19.22,21.20 2 0
blog-api/Infrastructure/database/mongo.go:21.20,23.3 1 0
blog-api/Infrastructure/database/mongo.go:25.2,34.16 8 0
blog-api/Infrastructure/database/mongo.go:34.16,36.3 1 0
blog-api/Infrastructure/database/mongo.go:39.2,40.16 2 0
blog-api/Infrastructure/database/mongo.go:40.16,47.3 6 0
blog-api/Infrastructure/database/mongo.go:50.2,52.12 3 0
blog-api/Infrastructure/database/mongo.go:56.25,57.19 1 0
blog-api/Infrastructure/database/mongo.go:57.19,61.3 3 0
blog-api/Infrastructure/database/mongo.go:62.2,62.12 1 0
blog-api/Infrastructure/database/mongo.go:66.61,68.2 1 0
blog-api/Infrastructure/database/mongo.go:71.32,73.2 1 0
blog-api/Infrastructure/database/mongo.go:76.36,78.2 1 0
blog-api/Infrastructure/db_models/token_db_model.go:18.50,28.2 1 1
blog-api/Infrastructure/db_models/token_db_model.go:30.48,40.2 1 1
blog-api/Infrastructure/db_models/user_db_model.go:22.48,24.16 2 1
blog-api/Infrastructure/db_models/user_db_model.go:24.16,25.61 1 1
blog-api/Infrastructure/db_models/user_db_model.go:25.61,27.4 1 1
blog-api/Infrastructure/db_models/user_db_model.go:30.2,37.3 1 1
blog-api/Infrastructure/db_models/user_db_model.go:41.46,50.2 1 1
blog-api/Infrastructure/repositories/blog_repository.go:18.61,20.2 1 1
blog-api/Infrastructure/repositories/blog_repository.go:23.76,48.16 7 1
blog-api/Infrastructure/repositories/blog_repository.go:48.16,50.3 1 0
blog-api/Infrastructure/repositories/blog_repository.go:52.2,52.18 1 1
blog-api/Infrastructure/repositories/blog_repository.go:56.84,65.16 4 1
blog-api/Infrastructure/repositories/blog_repository.go:65.16,67.3 1 0
blog-api/Infrastructure/repositories/blog_repository.go:68.2,71.58 3 1
blog-api/Infrastructure/repositories/blog_repository.go:71.58,73.3 1 0
blog-api/Infrastructure/repositories/blog_repository.go:75.2,75.19 1 1
blog-api/Infrastructure/repositories/blog_repository.go:79.74,81.16 2 1
blog-api/Infrastructure/repositories/blog_repository.go:81.16,83.3 1 1
blog-api/Infrastructure/repositories/blog_repository.go:85.2,87.16 3 1
blog-api/Infrastructure/repositories/blog_repository.go:87.16,89.3 1 1
blog-api/Infrastructure/repositories/blog_repository.go:91.2,91.18 1 1
blog-api/Infrastructure/repositories/blog_repository.go:95.76,99.16 3 1
blog-api/Infrastructure/repositories/blog_repository.go:99.16,101.3 1 0
blog-api/Infrastructure/repositories/blog_repository.go:103.2,119.16 4 1
blog-api/Infrastructure/repositories/blog_repository.go:119.16,121.3 1 0
blog-api/Infrastructure/repositories/blog_repository.go:123.2,123.18 1 1
blog-api/Infrastructure/repositories/blog_repository.go:127.58,129.16 2 1
blog-api/Infrastructure/repositories/blog_repository.go:129.16,131.3 1 0
blog-api/Infrastructure/repositories/blog_repository.go:133.2,134.12 2 1
blog-api/Infrastructure/repositories/blog_repository.go:138.75,151.16 4 1
blog-api/Infrastructure/repositories/blog_repository.go:151.16,153.3 1 0
blog-api/Infrastructure/repositories/blog_repository.go:154.2,157.58 3 1
blog-api/Infrastructure/repositories/blog_repository.go:157.58,159.3 1 0
blog-api/Infrastructure/repositories/blog_repository.go:161.2,161.19 1 1
blog-api/Infrastructure/repositories/blog_repository.go:165.112,169.19 2 1
blog-api/Infrastructure/repositories/blog_repository.go:169.19,171.3 1 1
blog-api/Infrastructure/repositories/blog_repository.go:174.2,174.46 1 1
blog-api/Infrastructure/repositories/blog_repository.go:174.46,176.17 2 0
blog-api/Infrastructure/repositories/blog_repository.go:176.17,178.18 2 0
blog-api/Infrastructure/repositories/blog_repository.go:178.18,184.5 2 0
blog-api/Infrastructure/repositories/blog_repository.go:189.2,191.16 3 1
blog-api/Infrastructure/repositories/blog_repository.go:192.15,194.16 2 0
blog-api/Infrastructure/repositories/blog_repository.go:195.20,197.17 2 1
blog-api/Infrastructure/repositories/blog_repository.go:198.20,200.17 2 0
blog-api/Infrastructure/repositories/blog_repository.go:201.20,203.17 2 0
blog-api/Infrastructure/repositories/blog_repository.go:204.15,206.17 2 0
blog-api/Infrastructure/repositories/blog_repository.go:207.10,209.17 2 0
blog-api/Infrastructure/repositories/blog_repository.go:212.2,214.16 3 1
blog-api/Infrastructure/repositories/blog_repository.go:214.16,216.3 1 0
blog-api/Infrastructure/repositories/blog_repository.go:217.2,220.58 3 1
blog-api/Infrastructure/repositories/blog_repository.go:220.58,222.3 1 0
blog-api/Infrastructure/repositories/blog_repository.go:224.2,224.19 1 1
blog-api/Infrastructure/repositories/blog_repository.go:228.66,230.16 2 1
blog-api/Infrastructure/repositories/blog_repository.go:230.16,232.3 1 0
blog-api/Infrastructure/repositories/blog_repository.go:234.2,238.12 4 1
blog-api/Infrastructure/repositories/blog_repository.go:242.75,244.16 2 1
blog-api/Infrastructure/repositories/blog_repository.go:244.16,246.3 1 0
blog-api/Infrastructure/repositories/blog_repository.go:248.2,250.15 3 1
blog-api/Infrastructure/repositories/blog_repository.go:250.15,252.3 1 1
blog-api/Infrastructure/repositories/blog_repository.go:252.8,254.3 1 1
blog-api/Infrastructure/repositories/blog_repository.go:256.2,257.12 2 1
blog-api/Infrastructure/repositories/blog_repository.go:261.78,263.16 2 1
blog-api/Infrastructure/repositories/blog_repository.go:263.16,265.3 1 0
blog-api/Infrastructure/repositories/blog_repository.go:267.2,269.15 3 1
blog-api/Infrastructure/repositories/blog_repository.go:269.15,271.3 1 1
blog-api/Infrastructure/repositories/blog_repository.go:271.8,273.3 1 1
blog-api/Infrastructure/repositories/blog_repository.go:275.2,276.12 2 1
blog-api/Infrastructure/repositories/blog_repository.go:280.100,282.16 2 1
blog-api/Infrastructure/repositories/blog_repository.go:282.16,284.3 1 0
blog-api/Infrastructure/repositories/blog_repository.go:287.2,297.16 9 1
blog-api/Infrastructure/repositories/blog_repository.go:297.16,299.3 1 0
blog-api/Infrastructure/repositories/blog_repository.go:301.2,301.21 1 1
blog-api/Infrastructure/repositories/blog_repository.go:305.79,307.16 2 1
blog-api/Infrastructure/repositories/blog_repository.go:307.16,309.3 1 0
blog-api/Infrastructure/repositories/blog_repository.go:311.2,313.16 3 1
blog-api/Infrastructure/repositories/blog_repository.go:313.16,315.3 1 0
blog-api/Infrastructure/repositories/blog_repository.go:317.2,317.27 1 1
blog-api/Infrastructure/repositories/profile_user_repository.go:16.52,18.2 1 0
blog-api/Infrastructure/repositories/profile_user_repository.go:20.118,25.16 3 0
blog-api/Infrastructure/repositories/profile_user_repository.go:25.16,27.3 1 0
blog-api/Infrastructure/repositories/profile_user_repository.go:29.2,38.16 3 0
blog-api/Infrastructure/repositories/profile_user_repository.go:38.16,40.3 1 0
blog-api/Infrastructure/repositories/profile_user_repository.go:42.2,42.31 1 0
blog-api/Infrastructure/repositories/profile_user_repository.go:45.91,50.16 3 0
blog-api/Infrastructure/repositories/profile_user_repository.go:50.16,52.3 1 0
blog-api/Infrastructure/repositories/profile_user_repository.go:54.2,56.16 3 0
blog-api/Infrastructure/repositories/profile_user_repository.go:56.16,58.3 1 0
blog-api/Infrastructure/repositories/profile_user_repository.go:61.2,62.18 2 0
blog-api/Infrastructure/repositories/profile_user_repository.go:65.54,68.2 2 0
blog-api/Infrastructure/repositories/profile_user_repository.go:71.58,75.2 3 0
blog-api/Infrastructure/repositories/profile_user_repository.go:77.74,82.16 5 0
blog-api/Infrastructure/repositories/profile_user_repository.go:82.16,84.3 1 0
blog-api/Infrastructure/repositories/profile_user_repository.go:85.2,85.19 1 0
blog-api/Infrastructure/repositories/profile_user_repository.go:88.78,94.2 5 0
blog-api/Infrastructure/repositories/profile_user_repository.go:96.70,102.2 5 0
blog-api/Infrastructure/repositories/profile_user_repository.go:104.53,108.2 3 0
blog-api/Infrastructure/repositories/profile_user_repository.go:110.53,116.2 5 0
blog-api/Infrastructure/repositories/token_repository.go:16.63,18.2 1 1
blog-api/Infrastructure/repositories/token_repository.go:20.66,24.2 3 1
blog-api/Infrastructure/repositories/token_repository.go:26.61,29.2 2 0
blog-api/Infrastructure/repositories/token_repository.go:31.61,37.2 5 1
blog-api/Infrastructure/repositories/token_repository.go:39.75,43.16 4 1
blog-api/Infrastructure/repositories/token_repository.go:43.16,45.3 1 0
blog-api/Infrastructure/repositories/token_repository.go:46.2,47.25 2 1
blog-api/Infrastructure/repositories/user_repository.go:18.61,20.2 1 1
blog-api/Infrastructure/repositories/user_repository.go:22.58,26.2 3 1
blog-api/Infrastructure/repositories/user_repository.go:28.74,32.16 4 1
blog-api/Infrastructure/repositories/user_repository.go:32.16,34.3 1 0
blog-api/Infrastructure/repositories/user_repository.go:35.2,35.43 1 1
blog-api/Infrastructure/repositories/user_repository.go:38.78,43.2 4 1
blog-api/Infrastructure/repositories/user_repository.go:45.70,50.2 4 1
blog-api/Infrastructure/repositories/user_repository.go:52.53,55.2 2 1
blog-api/Infrastructure/repositories/user_repository.go:57.53,62.2 4 1
blog-api/Infrastructure/repositories/user_repository.go:64.54,66.16 2 1
blog-api/Infrastructure/repositories/user_repository.go:66.16,68.3 1 0
blog-api/Infrastructure/repositories/user_repository.go:69.2,69.19 1 1
blog-api/Infrastructure/repositories/user_repository.go:73.91,76.16 2 0
blog-api/Infrastructure/repositories/user_repository.go:76.16,78.3 1 0
blog-api/Infrastructure/repositories/user_repository.go:80.2,82.16 3 0
blog-api/Infrastructure/repositories/user_repository.go:82.16,84.3 1 0
blog-api/Infrastructure/repositories/user_repository.go:86.2,87.25 2 0
blog-api/Infrastructure/repositories/user_repository.go:91.118,94.16 2 0
blog-api/Infrastructure/repositories/user_repository.go:94.16,96.3 1 0
blog-api/Infrastructure/repositories/user_repository.go:98.2,107.16 3 0
blog-api/Infrastructure/repositories/user_repository.go:107.16,109.3 1 0
blog-api/Infrastructure/repositories/user_repository.go:111.2,111.32 1 0
blog-api/mocks/blog_repository_mock.go:13.80,16.2 2 1
blog-api/mocks/blog_repository_mock.go:18.88,20.24 2 1
blog-api/mocks/blog_repository_mock.go:20.24,22.3 1 1
blog-api/mocks/blog_repository_mock.go:23.2,23.51 1 1
blog-api/mocks/blog_repository_mock.go:26.78,29.2 2 1
blog-api/mocks/blog_repository_mock.go:31.80,34.2 2 1
blog-api/mocks/blog_repository_mock.go:36.62,39.2 2 1
blog-api/mocks/blog_repository_mock.go:41.79,43.24 2 1
blog-api/mocks/blog_repository_mock.go:43.24,45.3 1 1
blog-api/mocks/blog_repository_mock.go:46.2,46.51 1 1
blog-api/mocks/blog_repository_mock.go:49.116,51.24 2 1
blog-api/mocks/blog_repository_mock.go:51.24,53.3 1 1
blog-api/mocks/blog_repository_mock.go:54.2,54.51 1 1
blog-api/mocks/blog_repository_mock.go:57.70,60.2 2 1
blog-api/mocks/blog_repository_mock.go:62.79,65.2 2 1
blog-api/mocks/blog_repository_mock.go:67.82,70.2 2 1
blog-api/mocks/blog_repository_mock.go:72.104,75.2 2 1
blog-api/mocks/blog_repository_mock.go:77.83,79.24 2 1
blog-api/mocks/blog_repository_mock.go:79.24,81.3 1 1
blog-api/mocks/blog_repository_mock.go:82.2,82.54 1 1
blog-api/mocks/blog_usecase_mock.go:13.77,16.2 2 0
blog-api/mocks/blog_usecase_mock.go:18.85,20.24 2 0
blog-api/mocks/blog_usecase_mock.go:20.24,22.3 1 0
blog-api/mocks/blog_usecase_mock.go:23.2,23.51 1 0
blog-api/mocks/blog_usecase_mock.go:26.75,29.2 2 0
blog-api/mocks/blog_usecase_mock.go:31.77,34.2 2 0
blog-api/mocks/blog_usecase_mock.go:36.59,39.2 2 0
blog-api/mocks/blog_usecase_mock.go:41.76,43.24 2 0
blog-api/mocks/blog_usecase_mock.go:43.24,45.3 1 0
blog-api/mocks/blog_usecase_mock.go:46.2,46.51 1 0
blog-api/mocks/blog_usecase_mock.go:49.113,51.24 2 0
blog-api/mocks/blog_usecase_mock.go:51.24,53.3 1 0
blog-api/mocks/blog_usecase_mock.go:54.2,54.51 1 0
blog-api/mocks/blog_usecase_mock.go:57.67,60.2 2 0
blog-api/mocks/blog_usecase_mock.go:62.76,65.2 2 0
blog-api/mocks/blog_usecase_mock.go:67.79,70.2 2 0
blog-api/mocks/blog_usecase_mock.go:72.101,75.2 2 0
blog-api/mocks/blog_usecase_mock.go:77.80,79.24 2 0
blog-api/mocks/blog_usecase_mock.go:79.24,81.3 1 0
blog-api/mocks/blog_usecase_mock.go:82.2,82.54 1 0
blog-api/mocks/jwt_repository_mock.go:13.70,16.2 2 0
blog-api/mocks/jwt_repository_mock.go:18.65,21.2 2 0
blog-api/mocks/jwt_repository_mock.go:23.65,26.2 2 0
blog-api/mocks/jwt_repository_mock.go:28.79,31.2 2 0
blog-api/mocks/jwt_service_mock.go:13.92,16.2 2 0
blog-api/mocks/jwt_service_mock.go:18.100,21.2 2 0
blog-api/mocks/jwt_service_mock.go:23.97,26.2 2 0
blog-api/mocks/jwt_service_mock.go:28.99,31.2 2 0
blog-api/mocks/password_hasher_mock.go:9.68,12.2 2 0
blog-api/mocks/password_hasher_mock.go:14.67,17.2 2 0
blog-api/mocks/user_repository_mock.go:13.58,16.2 2 0
blog-api/mocks/user_repository_mock.go:18.74,22.2 3 0
blog-api/mocks/user_repository_mock.go:24.71,27.2 2 0
blog-api/mocks/user_repository_mock.go:29.63,32.2 2 0
blog-api/mocks/user_repository_mock.go:34.53,37.2 2 0
blog-api/mocks/user_repository_mock.go:39.53,42.2 2 0
blog-api/mocks/user_repository_mock.go:44.54,48.2 3 0
blog-api/usecases/blog_usecase.go:29.69,33.2 1 1
blog-api/usecases/blog_usecase.go:35.73,37.2 1 1
blog-api/usecases/blog_usecase.go:39.81,41.2 1 1
blog-api/usecases/blog_usecase.go:43.71,45.2 1 1
blog-api/usecases/blog_usecase.go:47.73,49.2 1 1
blog-api/usecases/blog_usecase.go:51.55,53.2 1 1
blog-api/usecases/blog_usecase.go:55.72,57.2 1 1
blog-api/usecases/blog_usecase.go:59.109,61.2 1 1
blog-api/usecases/blog_usecase.go:63.63,65.2 1 1
blog-api/usecases/blog_usecase.go:67.72,69.2 1 1
blog-api/usecases/blog_usecase.go:71.75,73.2 1 1
blog-api/usecases/blog_usecase.go:75.97,77.2 1 1
blog-api/usecases/blog_usecase.go:79.76,81.2 1 1
blog-api/usecases/profile_user_usecase.go:8.108,10.2 1 0
blog-api/usecases/profile_user_usecase.go:12.87,14.2 1 0
blog-api/usecases/user_usecase.go:13.38,16.2 2 0
blog-api/usecases/user_usecase.go:40.168,42.2 1 0
blog-api/usecases/user_usecase.go:44.70,47.16 2 0
blog-api/usecases/user_usecase.go:47.16,49.3 1 0
blog-api/usecases/user_usecase.go:52.2,52.40 1 0
blog-api/usecases/user_usecase.go:52.40,53.65 1 0
blog-api/usecases/user_usecase.go:53.65,56.4 1 0
blog-api/usecases/user_usecase.go:57.3,57.53 1 0
blog-api/usecases/user_usecase.go:61.2,62.16 2 0
blog-api/usecases/user_usecase.go:62.16,64.3 1 0
blog-api/usecases/user_usecase.go:65.2,65.20 1 0
blog-api/usecases/user_usecase.go:65.20,67.3 1 0
blog-api/usecases/user_usecase.go:70.2,70.59 1 0
blog-api/usecases/user_usecase.go:70.59,72.3 1 0
blog-api/usecases/user_usecase.go:75.2,76.16 2 0
blog-api/usecases/user_usecase.go:76.16,78.3 1 0
blog-api/usecases/user_usecase.go:79.2,79.25 1 0
blog-api/usecases/user_usecase.go:83.57,84.55 1 0
blog-api/usecases/user_usecase.go:84.55,86.3 1 0
blog-api/usecases/user_usecase.go:87.2,87.31 1 0
blog-api/usecases/user_usecase.go:87.31,89.3 1 0
blog-api/usecases/user_usecase.go:91.2,91.28 1 0
blog-api/usecases/user_usecase.go:91.28,93.3 1 0
blog-api/usecases/user_usecase.go:95.2,96.16 2 0
blog-api/usecases/user_usecase.go:96.16,98.3 1 0
blog-api/usecases/user_usecase.go:99.2,101.16 3 0
blog-api/usecases/user_usecase.go:101.16,103.3 1 0
blog-api/usecases/user_usecase.go:104.2,104.14 1 0
blog-api/usecases/user_usecase.go:104.14,106.3 1 0
blog-api/usecases/user_usecase.go:106.8,108.3 1 0
blog-api/usecases/user_usecase.go:109.2,111.12 3 0
blog-api/usecases/user_usecase.go:115.69,117.16 2 0
blog-api/usecases/user_usecase.go:117.16,119.3 1 0
blog-api/usecases/user_usecase.go:121.2,121.29 1 0
blog-api/usecases/user_usecase.go:121.29,123.3 1 0
blog-api/usecases/user_usecase.go:125.2,125.70 1 0
blog-api/usecases/user_usecase.go:125.70,127.3 1 0
blog-api/usecases/user_usecase.go:129.2,130.16 2 0
blog-api/usecases/user_usecase.go:130.16,132.3 1 0
blog-api/usecases/user_usecase.go:133.2,134.16 2 0
blog-api/usecases/user_usecase.go:134.16,136.3 1 0
blog-api/usecases/user_usecase.go:137.2,141.57 4 0
blog-api/usecases/user_usecase.go:144.52,146.16 2 0
blog-api/usecases/user_usecase.go:146.16,148.3 1 0
blog-api/usecases/user_usecase.go:149.2,149.31 1 0
blog-api/usecases/user_usecase.go:149.31,151.3 1 0
blog-api/usecases/user_usecase.go:152.2,153.12 2 0
blog-api/usecases/user_usecase.go:156.51,158.16 2 0
blog-api/usecases/user_usecase.go:158.16,160.3 1 0
blog-api/usecases/user_usecase.go:161.2,161.31 1 0
blog-api/usecases/user_usecase.go:161.31,163.3 1 0
blog-api/usecases/user_usecase.go:164.2,165.12 2 0
blog-api/Infrastructure/services/jwt_service.go:21.105,28.2 1 1
blog-api/Infrastructure/services/jwt_service.go:30.86,44.2 5 1
blog-api/Infrastructure/services/jwt_service.go:46.94,62.16 7 1
blog-api/Infrastructure/services/jwt_service.go:62.16,64.3 1 0
blog-api/Infrastructure/services/jwt_service.go:66.2,74.8 1 1
blog-api/Infrastructure/services/jwt_service.go:76.91,77.76 1 1
blog-api/Infrastructure/services/jwt_service.go:77.76,79.3 1 1
blog-api/Infrastructure/services/jwt_service.go:80.2,80.32 1 1
blog-api/Infrastructure/services/jwt_service.go:80.32,82.3 1 1
blog-api/Infrastructure/services/jwt_service.go:83.2,88.8 2 1
blog-api/Infrastructure/services/jwt_service.go:91.93,92.76 1 1
blog-api/Infrastructure/services/jwt_service.go:92.76,94.3 1 1
blog-api/Infrastructure/services/jwt_service.go:96.2,96.16 1 1
blog-api/Infrastructure/services/jwt_service.go:96.16,98.3 1 1
blog-api/Infrastructure/services/jwt_service.go:100.2,100.18 1 1
blog-api/Infrastructure/services/jwt_service.go:100.18,102.3 1 0
blog-api/Infrastructure/services/jwt_service.go:103.2,113.8 4 1
blog-api/Infrastructure/services/jwt_service.go:117.53,120.2 2 0
blog-api/Infrastructure/services/jwt_service.go:122.61,124.2 1 0
blog-api/Infrastructure/services/password_service.go:7.69,10.2 2 1
blog-api/Infrastructure/services/password_service.go:12.68,15.2 2 1
